
*** Running vivado
    with args -log ALUControl.vdi -applog -m64 -messageDb vivado.pb -mode batch -source ALUControl.tcl -notrace


****** Vivado v2016.2 (64-bit)
  **** SW Build 1577090 on Thu Jun  2 16:32:40 MDT 2016
  **** IP Build 1577682 on Fri Jun  3 12:00:54 MDT 2016
    ** Copyright 1986-2016 Xilinx, Inc. All Rights Reserved.

source ALUControl.tcl -notrace
Design is defaulting to srcset: sources_1
Design is defaulting to constrset: constrs_1
INFO: [Netlist 29-17] Analyzing 43 Unisim elements for replacement
INFO: [Netlist 29-28] Unisim Transformation completed in 1 CPU seconds
INFO: [Project 1-479] Netlist was created with Vivado 2016.2
INFO: [Device 21-403] Loading part xc7a35tcpg236-1
INFO: [Project 1-570] Preparing netlist for logic optimization
Parsing XDC File [G:/Development/FPGA/SyzygyB100/src/constr/Basys3_Master.xdc]
Finished Parsing XDC File [G:/Development/FPGA/SyzygyB100/src/constr/Basys3_Master.xdc]
INFO: [Opt 31-138] Pushed 0 inverter(s) to 0 load pin(s).
INFO: [Project 1-111] Unisim Transformation Summary:
No Unisim elements were transformed.

INFO: [Vivado_Tcl 4-424] Cannot write hardware definition file as there are no IPI block design hardware handoff files present
Command: opt_design
Attempting to get a license for feature 'Implementation' and/or device 'xc7a35t'
INFO: [Common 17-349] Got license for feature 'Implementation' and/or device 'xc7a35t'
Running DRC as a precondition to command opt_design

Starting DRC Task
INFO: [DRC 23-27] Running DRC with 2 threads
INFO: [Project 1-461] DRC finished with 0 Errors
INFO: [Project 1-462] Please refer to the DRC report (report_drc) for more information.

Time (s): cpu = 00:00:00 ; elapsed = 00:00:00.069 . Memory (MB): peak = 451.078 ; gain = 4.871
INFO: [Timing 38-35] Done setting XDC timing constraints.

Starting Logic Optimization Task
Implement Debug Cores | Checksum: 25673f969

Phase 1 Retarget
INFO: [Opt 31-138] Pushed 0 inverter(s) to 0 load pin(s).
INFO: [Opt 31-49] Retargeted 0 cell(s).
Phase 1 Retarget | Checksum: 25673f969

Time (s): cpu = 00:00:00 ; elapsed = 00:00:00.028 . Memory (MB): peak = 922.605 ; gain = 0.000

Phase 2 Constant Propagation
INFO: [Opt 31-138] Pushed 0 inverter(s) to 0 load pin(s).
INFO: [Opt 31-10] Eliminated 0 cells.
Phase 2 Constant Propagation | Checksum: 25673f969

Time (s): cpu = 00:00:00 ; elapsed = 00:00:00.037 . Memory (MB): peak = 922.605 ; gain = 0.000

Phase 3 Sweep
INFO: [Opt 31-12] Eliminated 66 unconnected nets.
INFO: [Opt 31-11] Eliminated 0 unconnected cells.
Phase 3 Sweep | Checksum: 11c6617db

Time (s): cpu = 00:00:00 ; elapsed = 00:00:00.061 . Memory (MB): peak = 922.605 ; gain = 0.000

Starting Connectivity Check Task

Time (s): cpu = 00:00:00 ; elapsed = 00:00:00.001 . Memory (MB): peak = 922.605 ; gain = 0.000
Ending Logic Optimization Task | Checksum: 11c6617db

Time (s): cpu = 00:00:00 ; elapsed = 00:00:00.064 . Memory (MB): peak = 922.605 ; gain = 0.000

Starting Power Optimization Task
INFO: [Pwropt 34-132] Skipping clock gating for clocks with a period < 2.00 ns.
Ending Power Optimization Task | Checksum: 11c6617db

Time (s): cpu = 00:00:00 ; elapsed = 00:00:00.005 . Memory (MB): peak = 922.605 ; gain = 0.000
INFO: [Common 17-83] Releasing license: Implementation
21 Infos, 0 Warnings, 0 Critical Warnings and 0 Errors encountered.
opt_design completed successfully
opt_design: Time (s): cpu = 00:00:08 ; elapsed = 00:00:09 . Memory (MB): peak = 922.605 ; gain = 476.398
Writing placer database...
Writing XDEF routing.
Writing XDEF routing logical nets.
Writing XDEF routing special nets.
Write XDEF Complete: Time (s): cpu = 00:00:00 ; elapsed = 00:00:00.030 . Memory (MB): peak = 922.605 ; gain = 0.000
INFO: [DRC 23-27] Running DRC with 2 threads
INFO: [Coretcl 2-168] The results of DRC are in file G:/Development/FPGA/SyzygyB100/src/SyzygyB100.runs/impl_1/ALUControl_drc_opted.rpt.
INFO: [Chipscope 16-241] No debug cores found in the current design.
Before running the implement_debug_core command, either use the Set Up Debug wizard (GUI mode)
or use the create_debug_core and connect_debug_core Tcl commands to insert debug cores into the design.
Command: place_design
Attempting to get a license for feature 'Implementation' and/or device 'xc7a35t'
INFO: [Common 17-349] Got license for feature 'Implementation' and/or device 'xc7a35t'
INFO: [DRC 23-27] Running DRC with 2 threads
INFO: [Vivado_Tcl 4-198] DRC finished with 0 Errors
INFO: [Vivado_Tcl 4-199] Please refer to the DRC report (report_drc) for more information.
Running DRC as a precondition to command place_design
INFO: [DRC 23-27] Running DRC with 2 threads
INFO: [Vivado_Tcl 4-198] DRC finished with 0 Errors
INFO: [Vivado_Tcl 4-199] Please refer to the DRC report (report_drc) for more information.

Starting Placer Task
INFO: [Place 30-611] Multithreading enabled for place_design using a maximum of 2 CPUs

Phase 1 Placer Initialization
Netlist sorting complete. Time (s): cpu = 00:00:00 ; elapsed = 00:00:00 . Memory (MB): peak = 922.605 ; gain = 0.000
Netlist sorting complete. Time (s): cpu = 00:00:00 ; elapsed = 00:00:00 . Memory (MB): peak = 922.605 ; gain = 0.000

Phase 1.1 IO Placement/ Clock Placement/ Build Placer Device

Phase 1.1.1 ParallelPlaceIOClockAndInitTop

Phase 1.1.1.1 Pre-Place Cells
Phase 1.1.1.1 Pre-Place Cells | Checksum: be7951c3

Time (s): cpu = 00:00:00 ; elapsed = 00:00:00.013 . Memory (MB): peak = 922.605 ; gain = 0.000

Phase 1.1.1.2 Constructing HAPIClkRuleMgr
Phase 1.1.1.2 Constructing HAPIClkRuleMgr | Checksum: be7951c3

Time (s): cpu = 00:00:00 ; elapsed = 00:00:00.028 . Memory (MB): peak = 922.605 ; gain = 0.000
INFO: [Timing 38-35] Done setting XDC timing constraints.

Phase 1.1.1.3 IO and Clk Clean Up

Phase 1.1.1.3.1 Constructing HAPIClkRuleMgr
Phase 1.1.1.3.1 Constructing HAPIClkRuleMgr | Checksum: be7951c3

Time (s): cpu = 00:00:00 ; elapsed = 00:00:00.507 . Memory (MB): peak = 937.391 ; gain = 14.785
Phase 1.1.1.3 IO and Clk Clean Up | Checksum: be7951c3

Time (s): cpu = 00:00:00 ; elapsed = 00:00:00.516 . Memory (MB): peak = 937.391 ; gain = 14.785

Phase 1.1.1.4 Implementation Feasibility check On IDelay
Phase 1.1.1.4 Implementation Feasibility check On IDelay | Checksum: be7951c3

Time (s): cpu = 00:00:00 ; elapsed = 00:00:00.517 . Memory (MB): peak = 937.391 ; gain = 14.785

Phase 1.1.1.5 Commit IO Placement
Phase 1.1.1.5 Commit IO Placement | Checksum: 442f8687

Time (s): cpu = 00:00:00 ; elapsed = 00:00:00.518 . Memory (MB): peak = 937.391 ; gain = 14.785
Phase 1.1.1 ParallelPlaceIOClockAndInitTop | Checksum: 442f8687

Time (s): cpu = 00:00:00 ; elapsed = 00:00:00.518 . Memory (MB): peak = 937.391 ; gain = 14.785
Phase 1.1 IO Placement/ Clock Placement/ Build Placer Device | Checksum: 7569cba0

Time (s): cpu = 00:00:00 ; elapsed = 00:00:00.519 . Memory (MB): peak = 937.391 ; gain = 14.785

Phase 1.2 Build Placer Netlist Model

Phase 1.2.1 Place Init Design

Phase 1.2.1.1 Make Others
Phase 1.2.1.1 Make Others | Checksum: 13da96206

Time (s): cpu = 00:00:00 ; elapsed = 00:00:00.538 . Memory (MB): peak = 937.391 ; gain = 14.785

Phase 1.2.1.2 Init Lut Pin Assignment
Phase 1.2.1.2 Init Lut Pin Assignment | Checksum: 13da96206

Time (s): cpu = 00:00:00 ; elapsed = 00:00:00.543 . Memory (MB): peak = 937.391 ; gain = 14.785
Phase 1.2.1 Place Init Design | Checksum: 13809c5f3

Time (s): cpu = 00:00:01 ; elapsed = 00:00:00.706 . Memory (MB): peak = 937.391 ; gain = 14.785
Phase 1.2 Build Placer Netlist Model | Checksum: 13809c5f3

Time (s): cpu = 00:00:01 ; elapsed = 00:00:00.707 . Memory (MB): peak = 937.391 ; gain = 14.785

Phase 1.3 Constrain Clocks/Macros
Phase 1.3 Constrain Clocks/Macros | Checksum: 13809c5f3

Time (s): cpu = 00:00:01 ; elapsed = 00:00:00.709 . Memory (MB): peak = 937.391 ; gain = 14.785
Phase 1 Placer Initialization | Checksum: 13809c5f3

Time (s): cpu = 00:00:01 ; elapsed = 00:00:00.710 . Memory (MB): peak = 937.391 ; gain = 14.785

Phase 2 Global Placement
Phase 2 Global Placement | Checksum: eee02144

Time (s): cpu = 00:00:01 ; elapsed = 00:00:00.992 . Memory (MB): peak = 937.391 ; gain = 14.785

Phase 3 Detail Placement

Phase 3.1 Commit Multi Column Macros
Phase 3.1 Commit Multi Column Macros | Checksum: eee02144

Time (s): cpu = 00:00:01 ; elapsed = 00:00:00.998 . Memory (MB): peak = 937.391 ; gain = 14.785

Phase 3.2 Commit Most Macros & LUTRAMs
Phase 3.2 Commit Most Macros & LUTRAMs | Checksum: 167e90573

Time (s): cpu = 00:00:01 ; elapsed = 00:00:01 . Memory (MB): peak = 937.391 ; gain = 14.785

Phase 3.3 Area Swap Optimization
Phase 3.3 Area Swap Optimization | Checksum: 1fa29992c

Time (s): cpu = 00:00:01 ; elapsed = 00:00:01 . Memory (MB): peak = 937.391 ; gain = 14.785

Phase 3.4 updateClock Trees: DP
Phase 3.4 updateClock Trees: DP | Checksum: 1fa29992c

Time (s): cpu = 00:00:01 ; elapsed = 00:00:01 . Memory (MB): peak = 937.391 ; gain = 14.785

Phase 3.5 Timing Path Optimizer
Phase 3.5 Timing Path Optimizer | Checksum: 214277015

Time (s): cpu = 00:00:01 ; elapsed = 00:00:01 . Memory (MB): peak = 937.391 ; gain = 14.785

Phase 3.6 Fast Optimization
Phase 3.6 Fast Optimization | Checksum: 214277015

Time (s): cpu = 00:00:01 ; elapsed = 00:00:01 . Memory (MB): peak = 937.391 ; gain = 14.785

Phase 3.7 Small Shape Detail Placement
Phase 3.7 Small Shape Detail Placement | Checksum: 14c5372f7

Time (s): cpu = 00:00:01 ; elapsed = 00:00:01 . Memory (MB): peak = 937.391 ; gain = 14.785

Phase 3.8 Re-assign LUT pins
Phase 3.8 Re-assign LUT pins | Checksum: 185269725

Time (s): cpu = 00:00:01 ; elapsed = 00:00:01 . Memory (MB): peak = 937.391 ; gain = 14.785

Phase 3.9 Pipeline Register Optimization
Phase 3.9 Pipeline Register Optimization | Checksum: 185269725

Time (s): cpu = 00:00:01 ; elapsed = 00:00:01 . Memory (MB): peak = 937.391 ; gain = 14.785

Phase 3.10 Fast Optimization
Phase 3.10 Fast Optimization | Checksum: 185269725

Time (s): cpu = 00:00:01 ; elapsed = 00:00:01 . Memory (MB): peak = 937.391 ; gain = 14.785
Phase 3 Detail Placement | Checksum: 185269725

Time (s): cpu = 00:00:01 ; elapsed = 00:00:01 . Memory (MB): peak = 937.391 ; gain = 14.785

Phase 4 Post Placement Optimization and Clean-Up

Phase 4.1 Post Commit Optimization
INFO: [Timing 38-35] Done setting XDC timing constraints.

Phase 4.1.1 updateClock Trees: PCOPT
Phase 4.1.1 updateClock Trees: PCOPT | Checksum: f13d7386

Time (s): cpu = 00:00:02 ; elapsed = 00:00:01 . Memory (MB): peak = 937.391 ; gain = 14.785

Phase 4.1.2 Post Placement Optimization
INFO: [Place 30-746] Post Placement Timing Summary WNS=1.315. For the most accurate timing information please run report_timing.
Phase 4.1.2 Post Placement Optimization | Checksum: ad6eaea9

Time (s): cpu = 00:00:02 ; elapsed = 00:00:02 . Memory (MB): peak = 937.391 ; gain = 14.785
Phase 4.1 Post Commit Optimization | Checksum: ad6eaea9

Time (s): cpu = 00:00:02 ; elapsed = 00:00:02 . Memory (MB): peak = 937.391 ; gain = 14.785

Phase 4.2 Sweep Clock Roots: Post-Placement
Phase 4.2 Sweep Clock Roots: Post-Placement | Checksum: ad6eaea9

Time (s): cpu = 00:00:02 ; elapsed = 00:00:02 . Memory (MB): peak = 937.391 ; gain = 14.785

Phase 4.3 Uram Pipeline Register Optimization
Phase 4.3 Uram Pipeline Register Optimization | Checksum: ad6eaea9

Time (s): cpu = 00:00:02 ; elapsed = 00:00:02 . Memory (MB): peak = 937.391 ; gain = 14.785

Phase 4.4 Post Placement Cleanup
Phase 4.4 Post Placement Cleanup | Checksum: ad6eaea9

Time (s): cpu = 00:00:02 ; elapsed = 00:00:02 . Memory (MB): peak = 937.391 ; gain = 14.785

Phase 4.5 Placer Reporting
Phase 4.5 Placer Reporting | Checksum: ad6eaea9

Time (s): cpu = 00:00:02 ; elapsed = 00:00:02 . Memory (MB): peak = 937.391 ; gain = 14.785

Phase 4.6 Final Placement Cleanup
Phase 4.6 Final Placement Cleanup | Checksum: 15546598e

Time (s): cpu = 00:00:02 ; elapsed = 00:00:02 . Memory (MB): peak = 937.391 ; gain = 14.785
Phase 4 Post Placement Optimization and Clean-Up | Checksum: 15546598e

Time (s): cpu = 00:00:02 ; elapsed = 00:00:02 . Memory (MB): peak = 937.391 ; gain = 14.785
Ending Placer Task | Checksum: 14dabbe51

Time (s): cpu = 00:00:02 ; elapsed = 00:00:02 . Memory (MB): peak = 937.391 ; gain = 14.785
INFO: [Common 17-83] Releasing license: Implementation
36 Infos, 0 Warnings, 0 Critical Warnings and 0 Errors encountered.
place_design completed successfully
Writing placer database...
Writing XDEF routing.
Writing XDEF routing logical nets.
Writing XDEF routing special nets.
Write XDEF Complete: Time (s): cpu = 00:00:00 ; elapsed = 00:00:00.061 . Memory (MB): peak = 937.391 ; gain = 0.000
report_io: Time (s): cpu = 00:00:00 ; elapsed = 00:00:00.030 . Memory (MB): peak = 937.391 ; gain = 0.000
report_utilization: Time (s): cpu = 00:00:00 ; elapsed = 00:00:00.017 . Memory (MB): peak = 937.391 ; gain = 0.000
report_control_sets: Time (s): cpu = 00:00:00 ; elapsed = 00:00:00.001 . Memory (MB): peak = 937.391 ; gain = 0.000
Command: route_design
Attempting to get a license for feature 'Implementation' and/or device 'xc7a35t'
INFO: [Common 17-349] Got license for feature 'Implementation' and/or device 'xc7a35t'
Running DRC as a precondition to command route_design
INFO: [DRC 23-27] Running DRC with 2 threads
INFO: [Vivado_Tcl 4-198] DRC finished with 0 Errors
INFO: [Vivado_Tcl 4-199] Please refer to the DRC report (report_drc) for more information.


Starting Routing Task
INFO: [Route 35-254] Multithreading enabled for route_design using a maximum of 2 CPUs
Checksum: PlaceDB: 8d1b3794 ConstDB: 0 ShapeSum: c09086bd RouteDB: 0

Phase 1 Build RT Design
Phase 1 Build RT Design | Checksum: fd5dc3be

Time (s): cpu = 00:00:18 ; elapsed = 00:00:16 . Memory (MB): peak = 1046.996 ; gain = 109.605

Phase 2 Router Initialization

Phase 2.1 Create Timer
Phase 2.1 Create Timer | Checksum: fd5dc3be

Time (s): cpu = 00:00:18 ; elapsed = 00:00:16 . Memory (MB): peak = 1046.996 ; gain = 109.605

Phase 2.2 Fix Topology Constraints
Phase 2.2 Fix Topology Constraints | Checksum: fd5dc3be

Time (s): cpu = 00:00:18 ; elapsed = 00:00:16 . Memory (MB): peak = 1046.996 ; gain = 109.605

Phase 2.3 Pre Route Cleanup
Phase 2.3 Pre Route Cleanup | Checksum: fd5dc3be

Time (s): cpu = 00:00:18 ; elapsed = 00:00:16 . Memory (MB): peak = 1046.996 ; gain = 109.605
 Number of Nodes with overlaps = 0

Phase 2.4 Update Timing
Phase 2.4 Update Timing | Checksum: 1076a2b41

Time (s): cpu = 00:00:18 ; elapsed = 00:00:17 . Memory (MB): peak = 1046.996 ; gain = 109.605
INFO: [Route 35-416] Intermediate Timing Summary | WNS=1.332  | TNS=0.000  | WHS=-0.074 | THS=-0.594 |

Phase 2 Router Initialization | Checksum: 128b13d8a

Time (s): cpu = 00:00:18 ; elapsed = 00:00:17 . Memory (MB): peak = 1046.996 ; gain = 109.605

Phase 3 Initial Routing
Phase 3 Initial Routing | Checksum: 790d57f2

Time (s): cpu = 00:00:19 ; elapsed = 00:00:17 . Memory (MB): peak = 1046.996 ; gain = 109.605

Phase 4 Rip-up And Reroute

Phase 4.1 Global Iteration 0
 Number of Nodes with overlaps = 127
 Number of Nodes with overlaps = 20
 Number of Nodes with overlaps = 3
 Number of Nodes with overlaps = 1
 Number of Nodes with overlaps = 0

Phase 4.1.1 Update Timing
Phase 4.1.1 Update Timing | Checksum: 17995d460

Time (s): cpu = 00:00:19 ; elapsed = 00:00:17 . Memory (MB): peak = 1046.996 ; gain = 109.605
INFO: [Route 35-416] Intermediate Timing Summary | WNS=1.675  | TNS=0.000  | WHS=N/A    | THS=N/A    |

Phase 4.1 Global Iteration 0 | Checksum: 1df473513

Time (s): cpu = 00:00:19 ; elapsed = 00:00:17 . Memory (MB): peak = 1046.996 ; gain = 109.605
Phase 4 Rip-up And Reroute | Checksum: 1df473513

Time (s): cpu = 00:00:19 ; elapsed = 00:00:17 . Memory (MB): peak = 1046.996 ; gain = 109.605

Phase 5 Delay and Skew Optimization

Phase 5.1 Delay CleanUp

Phase 5.1.1 Update Timing
Phase 5.1.1 Update Timing | Checksum: 1d953ef9f

Time (s): cpu = 00:00:19 ; elapsed = 00:00:17 . Memory (MB): peak = 1046.996 ; gain = 109.605
INFO: [Route 35-416] Intermediate Timing Summary | WNS=1.754  | TNS=0.000  | WHS=N/A    | THS=N/A    |

Phase 5.1 Delay CleanUp | Checksum: 1d953ef9f

Time (s): cpu = 00:00:19 ; elapsed = 00:00:17 . Memory (MB): peak = 1046.996 ; gain = 109.605

Phase 5.2 Clock Skew Optimization
Phase 5.2 Clock Skew Optimization | Checksum: 1d953ef9f

Time (s): cpu = 00:00:19 ; elapsed = 00:00:17 . Memory (MB): peak = 1046.996 ; gain = 109.605
Phase 5 Delay and Skew Optimization | Checksum: 1d953ef9f

Time (s): cpu = 00:00:19 ; elapsed = 00:00:17 . Memory (MB): peak = 1046.996 ; gain = 109.605

Phase 6 Post Hold Fix

Phase 6.1 Hold Fix Iter

Phase 6.1.1 Update Timing
Phase 6.1.1 Update Timing | Checksum: 1d4789b84

Time (s): cpu = 00:00:19 ; elapsed = 00:00:17 . Memory (MB): peak = 1046.996 ; gain = 109.605
INFO: [Route 35-416] Intermediate Timing Summary | WNS=1.754  | TNS=0.000  | WHS=0.220  | THS=0.000  |

Phase 6.1 Hold Fix Iter | Checksum: 1d4789b84

Time (s): cpu = 00:00:19 ; elapsed = 00:00:17 . Memory (MB): peak = 1046.996 ; gain = 109.605
Phase 6 Post Hold Fix | Checksum: 1d4789b84

Time (s): cpu = 00:00:19 ; elapsed = 00:00:17 . Memory (MB): peak = 1046.996 ; gain = 109.605

Phase 7 Route finalize

Router Utilization Summary
  Global Vertical Routing Utilization    = 0.141912 %
  Global Horizontal Routing Utilization  = 0.200937 %
  Routable Net Status*
  *Does not include unroutable nets such as driverless and loadless.
  Run report_route_status for detailed report.
  Number of Failed Nets               = 0
  Number of Unrouted Nets             = 0
  Number of Partially Routed Nets     = 0
  Number of Node Overlaps             = 0

Phase 7 Route finalize | Checksum: 1d1e3afb1

Time (s): cpu = 00:00:19 ; elapsed = 00:00:17 . Memory (MB): peak = 1046.996 ; gain = 109.605

Phase 8 Verifying routed nets

 Verification completed successfully
Phase 8 Verifying routed nets | Checksum: 1d1e3afb1

Time (s): cpu = 00:00:19 ; elapsed = 00:00:17 . Memory (MB): peak = 1046.996 ; gain = 109.605

Phase 9 Depositing Routes
Phase 9 Depositing Routes | Checksum: 1c898cbc2

Time (s): cpu = 00:00:19 ; elapsed = 00:00:17 . Memory (MB): peak = 1046.996 ; gain = 109.605

Phase 10 Post Router Timing
INFO: [Route 35-57] Estimated Timing Summary | WNS=1.754  | TNS=0.000  | WHS=0.220  | THS=0.000  |

INFO: [Route 35-327] The final timing numbers are based on the router estimated timing analysis. For a complete and accurate timing signoff, please run report_timing_summary.
Phase 10 Post Router Timing | Checksum: 1c898cbc2

Time (s): cpu = 00:00:19 ; elapsed = 00:00:17 . Memory (MB): peak = 1046.996 ; gain = 109.605
INFO: [Route 35-16] Router Completed Successfully

Time (s): cpu = 00:00:19 ; elapsed = 00:00:17 . Memory (MB): peak = 1046.996 ; gain = 109.605

Routing Is Done.
INFO: [Common 17-83] Releasing license: Implementation
49 Infos, 0 Warnings, 0 Critical Warnings and 0 Errors encountered.
route_design completed successfully
route_design: Time (s): cpu = 00:00:19 ; elapsed = 00:00:17 . Memory (MB): peak = 1046.996 ; gain = 109.605
Writing placer database...
Writing XDEF routing.
Writing XDEF routing logical nets.
Writing XDEF routing special nets.
Write XDEF Complete: Time (s): cpu = 00:00:00 ; elapsed = 00:00:00.069 . Memory (MB): peak = 1046.996 ; gain = 0.000
INFO: [DRC 23-27] Running DRC with 2 threads
INFO: [Coretcl 2-168] The results of DRC are in file G:/Development/FPGA/SyzygyB100/src/SyzygyB100.runs/impl_1/ALUControl_drc_routed.rpt.
INFO: [Timing 38-91] UpdateTimingParams: Speed grade: -1, Delay Type: min_max.
INFO: [Timing 38-191] Multithreading enabled for timing update using a maximum of 2 CPUs
Running Vector-less Activity Propagation...

Finished Running Vector-less Activity Propagation
INFO: [Common 17-206] Exiting Vivado at Mon May 22 22:09:14 2017...

*** Running vivado
    with args -log ALUControl.vdi -applog -m64 -messageDb vivado.pb -mode batch -source ALUControl.tcl -notrace


****** Vivado v2016.2 (64-bit)
  **** SW Build 1577090 on Thu Jun  2 16:32:40 MDT 2016
  **** IP Build 1577682 on Fri Jun  3 12:00:54 MDT 2016
    ** Copyright 1986-2016 Xilinx, Inc. All Rights Reserved.

source ALUControl.tcl -notrace
Command: open_checkpoint ALUControl_routed.dcp

Starting open_checkpoint Task

Time (s): cpu = 00:00:00 ; elapsed = 00:00:00.019 . Memory (MB): peak = 207.168 ; gain = 0.000
INFO: [Netlist 29-17] Analyzing 43 Unisim elements for replacement
INFO: [Netlist 29-28] Unisim Transformation completed in 1 CPU seconds
INFO: [Project 1-479] Netlist was created with Vivado 2016.2
INFO: [Device 21-403] Loading part xc7a35tcpg236-1
INFO: [Project 1-570] Preparing netlist for logic optimization
Parsing XDC File [G:/Development/FPGA/SyzygyB100/src/SyzygyB100.runs/impl_1/.Xil/Vivado-2684-Compy/dcp/ALUControl.xdc]
Finished Parsing XDC File [G:/Development/FPGA/SyzygyB100/src/SyzygyB100.runs/impl_1/.Xil/Vivado-2684-Compy/dcp/ALUControl.xdc]
Reading XDEF placement.
Reading placer database...
Reading XDEF routing.
Read XDEF File: Time (s): cpu = 00:00:00 ; elapsed = 00:00:00.049 . Memory (MB): peak = 447.254 ; gain = 0.000
Restored from archive | CPU: 0.000000 secs | Memory: 0.000000 MB |
Finished XDEF File Restore: Time (s): cpu = 00:00:00 ; elapsed = 00:00:00.049 . Memory (MB): peak = 447.254 ; gain = 0.000
INFO: [Project 1-111] Unisim Transformation Summary:
No Unisim elements were transformed.

INFO: [Project 1-604] Checkpoint was created with Vivado v2016.2 (64-bit) build 1577090
Attempting to get a license for feature 'Implementation' and/or device 'xc7a35t'
INFO: [Common 17-349] Got license for feature 'Implementation' and/or device 'xc7a35t'
Running DRC as a precondition to command write_bitstream
INFO: [DRC 23-27] Running DRC with 2 threads
INFO: [Vivado 12-3199] DRC finished with 0 Errors
INFO: [Vivado 12-3200] Please refer to the DRC report (report_drc) for more information.
INFO: [Designutils 20-2272] Running write_bitstream with 2 threads.
Loading data files...
Loading site data...
Loading route data...
Processing options...
Creating bitmap...
Creating bitstream...
Bitstream compression saved 14510592 bits.
Writing bitstream ./ALUControl.bit...
Writing bitstream ./ALUControl.rbt...
Writing bitstream ./ALUControl.bin...
INFO: [Vivado 12-1842] Bitgen Completed Successfully.
INFO: [Project 1-120] WebTalk data collection is mandatory when using a WebPACK part without a full Vivado license. To see the specific WebTalk data collected for your design, open the usage_statistics_webtalk.html or usage_statistics_webtalk.xml file in the implementation directory.
INFO: [Common 17-83] Releasing license: Implementation
write_bitstream: Time (s): cpu = 00:00:10 ; elapsed = 00:00:16 . Memory (MB): peak = 800.191 ; gain = 352.938
INFO: [Vivado_Tcl 4-395] Unable to parse hwdef file ALUControl.hwdef
INFO: [Common 17-206] Exiting Vivado at Mon May 22 22:10:03 2017...
