Unable to capture context for thread 480 in process 3736, can not generate back trace
Unable to capture context for thread 5204 in process 3736, can not generate back trace
Unable to capture context for thread 952 in process 3736, can not generate back trace
Exception at PC 0x000007FEC75ABB93
Printing stacktrace...

Exception at PC 0x000007FEFD03A06D
Unable to capture context for thread 3992 in process 3736, can not generate back trace
Exception at PC 0x000007FEFD03A06D
Exception at PC 0x000007FEFD03A06D
Exception at PC 0x000007FEFD03A06D
Exception at PC 0x000007FEFD03A06D
Exception at PC 0x000007FEFD03A06D
Exception at PC 0x000007FEFD03A06D
Exception at PC 0x000007FEFD03A06D
Exception at PC 0x000007FEFD03A06D
Exception at PC 0x000007FEFD03A06D
Exception at PC 0x000007FEFD03A06D
Exception at PC 0x000007FEFD03A06D
Exception at PC 0x000007FEFD03A06D
Exception at PC 0x000007FEFD03A06D
[0]  [0x000007FEC75ABB93]
[1]  [0x000007FEC75ABB93]
[2]  [0x000007FEC75AB4A1]
[3]  [0x000007FEC75AB3EF]
[4]  [0x000007FEC75919FE]
[5]  [0x000007FEC7590ED1]
[6]  [0x000007FEC7590D76]
[7]  [0x000007FEC75379F6]
[8]  [0x000007FEC7527AFB]
[9]  [0x000007FEC764E90A]
[10]  [0x000007FEC7669F87]
[11]  [0x000007FEC766A05F]
[12] (BaseThreadInitThunk+0xd) [0x00000000770059BD]
[13] (RtlUserThreadStart+0x21) [0x000000007723A2E1]
Done
Exception at PC 0x000007FEFD03A06D
Exception at PC 0x000007FEFD03A06D
Exception at PC 0x000007FEFD03A06D
